生成启动时间为 2014/10/31 17:49:18。
     1>项目“F:\c++小项目\图书馆管理系统（C++大型试验）\图书馆管理系统（C++大型试验）\图书馆管理系统（C++大型试验）.vcxproj”在节点 2 上(Build 个目标)。
     1>ClCompile:
         E:\安装程序\VC\bin\CL.exe /c /ZI /nologo /W3 /WX- /sdl /Od /Oy- /D WIN32 /D _DEBUG /D _CONSOLE /D _UNICODE /D UNICODE /Gm /EHsc /RTC1 /MDd /GS /fp:precise /Zc:wchar_t /Zc:forScope /Fo"Debug\\" /Fd"Debug\vc120.pdb" /Gd /TP /analyze- /errorReport:prompt Book.cpp File.cpp Manger.cpp Menu.cpp People.cpp Reader.cpp Worker.cpp "图书馆管理系统.cpp"
         图书馆管理系统.cpp
         Worker.cpp
         Reader.cpp
         People.cpp
         Menu.cpp
         Manger.cpp
         File.cpp
         Book.cpp
         正在生成代码...
       Link:
         E:\安装程序\VC\bin\link.exe /ERRORREPORT:PROMPT /OUT:"F:\c++小项目\图书馆管理系统（C++大型试验）\Debug\图书馆管理系统（C++大型试验）.exe" /INCREMENTAL /NOLOGO kernel32.lib user32.lib gdi32.lib winspool.lib comdlg32.lib advapi32.lib shell32.lib ole32.lib oleaut32.lib uuid.lib odbc32.lib odbccp32.lib /MANIFEST /MANIFESTUAC:"level='asInvoker' uiAccess='false'" /manifest:embed /DEBUG /PDB:"F:\c++小项目\图书馆管理系统（C++大型试验）\Debug\图书馆管理系统（C++大型试验）.pdb" /SUBSYSTEM:CONSOLE /TLBID:1 /DYNAMICBASE /NXCOMPAT /IMPLIB:"F:\c++小项目\图书馆管理系统（C++大型试验）\Debug\图书馆管理系统（C++大型试验）.lib" /MACHINE:X86 Debug\Book.obj
         Debug\File.obj
         Debug\Manger.obj
         Debug\Menu.obj
         Debug\People.obj
         Debug\Reader.obj
         Debug\Worker.obj
         "Debug\图书馆管理系统.obj"
         图书馆管理系统（C++大型试验）.vcxproj -> F:\c++小项目\图书馆管理系统（C++大型试验）\Debug\图书馆管理系统（C++大型试验）.exe
     1>已完成生成项目“F:\c++小项目\图书馆管理系统（C++大型试验）\图书馆管理系统（C++大型试验）\图书馆管理系统（C++大型试验）.vcxproj”(Build 个目标)的操作。

生成成功。

已用时间 00:00:10.76
